
3월 07, 2019 17:26:23.59 NEW SESSION
3월 07, 2019 17:26:23.59 [9260:6536:0307/172623.591:ERROR:connection_factory_impl.cc(411)] Failed to connect to MCS endpoint with error -118
3월 07, 2019 18:00:29.24 [9260:6536:0307/180029.241:ERROR:browser_process_sub_thread.cc(209)] Waited 85 ms for network service
3월 07, 2019 18:00:29.30 
3월 07, 2019 18:00:29.30 KLIB_SelfTest return : KLR_OK

3월 08, 2019 09:30:45.65 NEW SESSION
3월 08, 2019 09:30:45.65 [6224:6540:0308/093045.656:ERROR:connection_factory_impl.cc(411)] Failed to connect to MCS endpoint with error -118
3월 08, 2019 11:25:09.05 [6224:6540:0308/112509.051:ERROR:browser_process_sub_thread.cc(209)] Waited 51 ms for network service
3월 08, 2019 11:25:09.11 
3월 08, 2019 11:25:09.11 KLIB_SelfTest return : KLR_OK
3월 08, 2019 16:52:11.39 [8900:7256:0308/165211.393:ERROR:textfield.cc(1777)] NOT IMPLEMENTED

3월 11, 2019 09:41:19.53 NEW SESSION
3월 11, 2019 09:41:19.53 [3564:8268:0311/094119.534:ERROR:browser_process_sub_thread.cc(209)] Waited 192 ms for network service
3월 11, 2019 09:41:19.55 
3월 11, 2019 09:41:19.56 KLIB_SelfTest return : KLR_OK

3월 13, 2019 13:52:58.56 NEW SESSION
3월 13, 2019 13:52:58.56 [8812:9884:0313/135258.558:ERROR:browser_process_sub_thread.cc(209)] Waited 111 ms for network service
3월 13, 2019 13:52:58.59 
3월 13, 2019 13:52:58.59 KLIB_SelfTest return : KLR_OK
3월 13, 2019 13:58:38.78 [3128:7876:0313/135838.780:ERROR:browser_process_sub_thread.cc(209)] Waited 70 ms for network service
3월 13, 2019 13:58:38.84 
3월 13, 2019 13:58:38.84 KLIB_SelfTest return : KLR_OK

3월 26, 2019 14:22:17.69 NEW SESSION
3월 26, 2019 14:22:17.69 [4844:3424:0326/142217.685:ERROR:textfield.cc(1777)] NOT IMPLEMENTED

4월 11, 2019 13:41:54.05 NEW SESSION
4월 11, 2019 13:41:54.05 [9648:8904:0411/134154.056:ERROR:browser_process_sub_thread.cc(209)] Waited 205 ms for network service
4월 11, 2019 13:41:54.14 
4월 11, 2019 13:41:54.15 KLIB_SelfTest return : KLR_OK
4월 11, 2019 13:42:02.57 [1988:11216:0411/134202.572:ERROR:browser_process_sub_thread.cc(209)] Waited 159 ms for network service
4월 11, 2019 13:42:02.65 
4월 11, 2019 13:42:02.65 KLIB_SelfTest return : KLR_OK
